2023-04-26 10:20:25,467 [INFO ]  Znaleziono plik konfiguracyjny
2023-04-26 10:20:45,819 [WARNING]  Brak plik贸w konfiguracyjnych
2023-04-26 10:22:59,483 [INFO ]  Znaleziono plik konfiguracyjny
2023-04-26 10:23:04,913 [WARNING]  Brak plik贸w konfiguracyjnych
2023-04-26 10:23:20,808 [WARNING]  Brak plik贸w konfiguracyjnych
2023-04-26 10:23:29,242 [WARNING]  Brak plik贸w konfiguracyjnych
2023-04-26 11:09:12,425 [INFO ]  Znaleziono plik konfiguracyjny
2023-04-26 11:10:03,926 [INFO ]  Znaleziono plik konfiguracyjny
2023-04-26 11:11:16,880 [INFO ]  Znaleziono plik konfiguracyjny
2023-04-26 11:12:27,381 [INFO ]  Znaleziono plik konfiguracyjny
2023-04-26 11:12:59,792 [INFO ]  Znaleziono plik konfiguracyjny
2023-04-26 11:13:21,804 [INFO ]  Znaleziono plik konfiguracyjny
2023-04-26 11:13:27,338 [INFO ]  Znaleziono plik konfiguracyjny
2023-04-26 11:15:03,116 [INFO ]  Znaleziono plik konfiguracyjny
2023-04-26 11:15:29,992 [INFO ]  Znaleziono plik konfiguracyjny
2023-04-26 11:16:42,250 [INFO ]  Znaleziono plik konfiguracyjny
2023-04-26 11:16:56,870 [INFO ]  Znaleziono plik konfiguracyjny
2023-04-26 11:17:53,332 [INFO ]  Znaleziono plik konfiguracyjny
2023-04-26 11:18:05,955 [INFO ]  Znaleziono plik konfiguracyjny
2023-04-26 11:18:49,045 [INFO ]  Znaleziono plik konfiguracyjny
2023-04-26 11:19:57,726 [INFO ]  Znaleziono plik konfiguracyjny
2023-04-26 11:20:16,863 [INFO ]  Znaleziono plik konfiguracyjny
2023-04-26 11:21:26,881 [INFO ]  Znaleziono plik konfiguracyjny
2023-04-26 11:21:38,961 [INFO ]  Znaleziono plik konfiguracyjny
2023-04-26 11:22:13,026 [INFO ]  Znaleziono plik konfiguracyjny
2023-04-26 11:23:08,917 [INFO ]  Znaleziono plik konfiguracyjny
2023-04-26 11:23:15,372 [INFO ]  Znaleziono plik konfiguracyjny
2023-04-26 11:23:21,625 [INFO ]  Znaleziono plik konfiguracyjny
2023-04-26 11:24:57,963 [INFO ]  Znaleziono plik konfiguracyjny
2023-04-26 11:25:33,159 [INFO ]  Znaleziono plik konfiguracyjny
2023-04-26 11:25:45,424 [INFO ]  Znaleziono plik konfiguracyjny
2023-04-26 11:26:02,594 [INFO ]  Znaleziono plik konfiguracyjny
2023-04-26 11:28:07,330 [INFO ]  Znaleziono plik konfiguracyjny
2023-04-26 11:28:19,630 [INFO ]  Znaleziono plik konfiguracyjny
2023-04-26 11:30:30,615 [INFO ]  Znaleziono plik konfiguracyjny
2023-04-26 11:30:42,257 [INFO ]  Znaleziono plik konfiguracyjny
2023-04-26 11:41:25,320 [INFO ]  Found config gile
2023-04-26 11:41:32,968 [INFO ]  Found config gile
2023-04-26 11:41:32,969 [WARNING]  Invalid path for ocioconvert
2023-04-26 11:42:05,169 [INFO ]  Found config file
2023-04-26 11:42:11,688 [INFO ]  Found config file
2023-04-26 11:42:11,689 [WARNING]  Invalid path for ocioconvert
2023-04-26 11:44:42,526 [INFO ]  Found config file
2023-04-26 11:47:19,885 [INFO ]  Found config file
2023-04-26 11:47:36,455 [INFO ]  Found config file
2023-04-26 11:48:15,925 [INFO ]  Found config file
2023-04-26 11:48:21,135 [INFO ]  Found config file
2023-04-26 11:48:55,921 [INFO ]  Found config file
2023-04-26 11:49:24,187 [INFO ]  Found config file
2023-04-26 11:51:15,955 [INFO ]  Found config file
2023-04-26 11:51:34,567 [INFO ]  Found config file
2023-04-26 11:52:26,955 [INFO ]  Found config file
2023-04-26 11:53:05,893 [INFO ]  Found config file
2023-04-26 11:53:38,964 [INFO ]  Found config file
2023-04-26 11:54:20,735 [INFO ]  Found config file
2023-04-26 11:55:03,933 [INFO ]  Found config file
2023-04-26 11:55:27,580 [INFO ]  Found config file
2023-04-26 11:55:27,581 [WARNING]  Invalid path for ociocheck
2023-04-26 11:59:35,565 [INFO ]  Found config file
2023-04-26 12:01:10,761 [INFO ]  Found config file
2023-04-26 12:01:24,499 [INFO ]  Found config file
2023-04-26 12:02:29,173 [INFO ]  Found config file
2023-04-26 12:05:06,434 [INFO ]  Found config file
2023-04-26 12:05:17,608 [INFO ]  Found config file
2023-04-26 12:06:08,933 [INFO ]  Found config file
2023-04-26 12:06:08,958 [INFO ]  OpenColorIO tests complete
2023-04-26 12:08:36,667 [INFO ]  Found config file
2023-04-26 12:08:36,692 [INFO ]  OpenColorIO tests complete
2023-04-26 12:10:59,225 [INFO ]  Found config file
2023-04-26 12:10:59,249 [INFO ]  OpenColorIO tests complete
2023-04-26 12:15:55,788 [INFO ]  Found config file
2023-04-26 12:16:16,862 [INFO ]  Found config file
2023-04-26 12:16:40,493 [INFO ]  Found config file
2023-04-26 12:17:51,738 [INFO ]  Found config file
2023-04-26 12:18:52,955 [INFO ]  Found config file
2023-04-26 12:19:01,310 [INFO ]  Found config file
2023-04-26 12:19:52,181 [INFO ]  Found config file
2023-04-26 12:20:42,788 [INFO ]  Found config file
2023-04-26 12:20:42,827 [INFO ]  OpenColorIO tests complete
2023-04-26 12:20:58,411 [INFO ]  Found config file
2023-04-26 12:20:58,450 [INFO ]  OpenColorIO tests complete
2023-04-26 12:21:09,818 [INFO ]  Found config file
2023-04-26 12:21:09,859 [INFO ]  OpenColorIO tests complete
2023-04-26 12:24:57,141 [INFO ]  Found config file
2023-04-26 12:24:57,182 [INFO ]  OpenColorIO tests complete
2023-04-26 13:05:03,011 [INFO ]  Found config file
2023-04-26 13:05:16,611 [INFO ]  Found config file
2023-04-26 13:05:16,792 [INFO ]  Oiiotool load complete
2023-04-26 13:05:57,733 [INFO ]  Found config file
2023-04-26 13:05:57,833 [INFO ]  Oiiotool load complete
2023-04-26 13:15:03,129 [INFO ]  Found config file
2023-04-26 13:15:03,291 [INFO ]  Oiiotool load complete
2023-04-27 08:18:31,449 [INFO ]  Found config file
2023-04-27 08:18:31,770 [INFO ]  Oiiotool load complete
2023-04-27 08:23:25,172 [INFO ]  Found config file
2023-04-27 08:23:25,339 [INFO ]  Oiiotool load complete
2023-04-27 08:23:34,378 [INFO ]  Found config file
2023-04-27 08:23:34,430 [INFO ]  Oiiotool load complete
2023-04-27 08:24:19,104 [INFO ]  Found config file
2023-04-27 08:24:19,199 [INFO ]  Oiiotool load complete
2023-04-27 08:24:25,018 [INFO ]  Found config file
2023-04-27 08:24:25,076 [INFO ]  Oiiotool load complete
2023-04-27 08:25:57,848 [INFO ]  Found config file
2023-04-27 08:25:58,014 [INFO ]  Oiiotool load complete
2023-04-27 08:26:17,567 [INFO ]  Found config file
2023-04-27 08:26:17,664 [INFO ]  Oiiotool load complete
2023-04-27 08:27:22,824 [INFO ]  Found config file
2023-04-27 08:27:22,930 [INFO ]  Oiiotool load complete
2023-04-27 08:27:54,477 [INFO ]  Found config file
2023-04-27 08:27:54,574 [INFO ]  Oiiotool load complete
2023-04-27 08:31:11,428 [INFO ]  Found config file
2023-04-27 08:31:11,601 [INFO ]  Oiiotool load complete
2023-04-27 08:50:39,857 [INFO ]  Found config file
2023-04-27 08:50:40,025 [INFO ]  Oiiotool load complete
2023-04-27 08:50:45,411 [INFO ]  Found config file
2023-04-27 08:50:45,471 [INFO ]  Oiiotool load complete
2023-04-27 08:51:04,706 [INFO ]  Found config file
2023-04-27 08:51:04,800 [INFO ]  Oiiotool load complete
2023-04-27 08:51:15,239 [INFO ]  Found config file
2023-04-27 08:51:15,293 [INFO ]  Oiiotool load complete
2023-04-27 08:51:26,953 [INFO ]  Found config file
2023-04-27 08:51:27,059 [INFO ]  Oiiotool load complete
2023-04-27 08:51:45,504 [INFO ]  Found config file
2023-04-27 08:51:45,605 [INFO ]  Oiiotool load complete
2023-04-27 08:52:05,097 [INFO ]  Found config file
2023-04-27 08:52:05,189 [INFO ]  Oiiotool load complete
2023-04-27 08:53:22,065 [INFO ]  Found config file
2023-04-27 08:53:22,233 [INFO ]  Oiiotool load complete
2023-04-27 08:53:47,949 [INFO ]  Found config file
2023-04-27 08:53:48,115 [INFO ]  Oiiotool load complete
2023-04-27 08:55:18,423 [INFO ]  Found config file
2023-04-27 08:55:18,533 [INFO ]  Oiiotool load complete
2023-04-27 08:55:28,849 [INFO ]  Found config file
2023-04-27 08:55:28,907 [INFO ]  Oiiotool load complete
2023-04-27 08:56:06,463 [INFO ]  Found config file
2023-04-27 08:56:06,561 [INFO ]  Oiiotool load complete
2023-04-27 08:56:20,843 [INFO ]  Found config file
2023-04-27 08:56:20,948 [INFO ]  Oiiotool load complete
2023-04-27 08:56:31,684 [INFO ]  Found config file
2023-04-27 08:56:31,781 [INFO ]  Oiiotool load complete
2023-04-27 09:00:16,788 [INFO ]  Found config file
2023-04-27 09:00:16,956 [INFO ]  Oiiotool load complete
2023-04-27 09:00:36,365 [INFO ]  Found config file
2023-04-27 09:00:36,468 [INFO ]  Oiiotool load complete
2023-04-27 09:01:44,034 [INFO ]  Found config file
2023-04-27 09:01:44,146 [INFO ]  Oiiotool load complete
2023-04-27 09:02:11,457 [INFO ]  Found config file
2023-04-27 09:02:11,560 [INFO ]  Oiiotool load complete
2023-04-27 09:02:30,235 [INFO ]  Found config file
2023-04-27 09:02:30,324 [INFO ]  Oiiotool load complete
2023-04-27 09:03:02,137 [INFO ]  Found config file
2023-04-27 09:03:02,240 [INFO ]  Oiiotool load complete
2023-04-27 09:05:58,084 [INFO ]  Found config file
2023-04-27 09:05:58,258 [INFO ]  Oiiotool load complete
2023-04-27 09:06:09,511 [INFO ]  Found config file
2023-04-27 09:06:09,619 [INFO ]  Oiiotool load complete
2023-04-27 09:07:47,414 [INFO ]  Found config file
2023-04-27 09:07:47,505 [INFO ]  Oiiotool load complete
2023-04-27 09:07:55,710 [INFO ]  Found config file
2023-04-27 09:07:55,776 [INFO ]  Oiiotool load complete
2023-04-27 09:08:23,444 [INFO ]  Found config file
2023-04-27 09:08:23,533 [INFO ]  Oiiotool load complete
2023-04-27 09:08:57,455 [INFO ]  Found config file
2023-04-27 09:08:57,544 [INFO ]  Oiiotool load complete
2023-04-27 09:09:15,185 [INFO ]  Found config file
2023-04-27 09:09:15,287 [INFO ]  Oiiotool load complete
2023-04-27 09:11:05,471 [INFO ]  Found config file
2023-04-27 09:11:05,641 [INFO ]  Oiiotool load complete
2023-04-27 09:11:12,384 [INFO ]  Found config file
2023-04-27 09:11:12,438 [INFO ]  Oiiotool load complete
2023-04-27 09:11:24,522 [INFO ]  Found config file
2023-04-27 09:11:24,614 [INFO ]  Oiiotool load complete
2023-04-27 09:12:22,641 [INFO ]  Found config file
2023-04-27 09:12:22,738 [INFO ]  Oiiotool load complete
2023-04-27 09:13:47,069 [INFO ]  Found config file
2023-04-27 09:13:47,171 [INFO ]  Oiiotool load complete
2023-04-27 09:15:42,883 [INFO ]  Found config file
2023-04-27 09:15:43,049 [INFO ]  Oiiotool load complete
2023-04-27 09:15:52,737 [INFO ]  Found config file
2023-04-27 09:15:52,797 [INFO ]  Oiiotool load complete
2023-04-27 09:16:17,412 [INFO ]  Found config file
2023-04-27 09:16:17,513 [INFO ]  Oiiotool load complete
2023-04-27 09:16:22,700 [INFO ]  Found config file
2023-04-27 09:16:22,753 [INFO ]  Oiiotool load complete
2023-04-27 09:16:50,782 [INFO ]  Found config file
2023-04-27 09:16:50,872 [INFO ]  Oiiotool load complete
2023-04-27 09:18:12,119 [INFO ]  Found config file
2023-04-27 09:18:12,218 [INFO ]  Oiiotool load complete
2023-04-27 09:18:21,648 [INFO ]  Found config file
2023-04-27 09:18:21,747 [INFO ]  Oiiotool load complete
2023-04-27 09:18:52,216 [INFO ]  Found config file
2023-04-27 09:18:52,312 [INFO ]  Oiiotool load complete
2023-04-27 09:18:58,078 [INFO ]  Found config file
2023-04-27 09:18:58,128 [INFO ]  Oiiotool load complete
2023-04-27 09:20:24,049 [INFO ]  Found config file
2023-04-27 09:20:24,162 [INFO ]  Oiiotool load complete
2023-04-27 09:21:36,700 [INFO ]  Found config file
2023-04-27 09:21:36,868 [INFO ]  Oiiotool load complete
2023-04-27 09:25:15,906 [INFO ]  Found config file
2023-04-27 09:25:16,005 [INFO ]  Oiiotool load complete
2023-04-27 09:25:42,846 [INFO ]  Found config file
2023-04-27 09:25:42,945 [INFO ]  Oiiotool load complete
2023-04-27 09:27:46,569 [INFO ]  Found config file
2023-04-27 09:27:46,746 [INFO ]  Oiiotool load complete
2023-04-27 09:27:56,654 [INFO ]  Found config file
2023-04-27 09:27:56,710 [INFO ]  Oiiotool load complete
2023-04-27 09:28:28,212 [INFO ]  Found config file
2023-04-27 09:28:28,305 [INFO ]  Oiiotool load complete
2023-04-27 09:29:00,128 [INFO ]  Found config file
2023-04-27 09:29:00,217 [INFO ]  Oiiotool load complete
2023-04-27 09:29:32,932 [INFO ]  Found config file
2023-04-27 09:29:33,030 [INFO ]  Oiiotool load complete
2023-04-27 09:29:47,836 [INFO ]  Found config file
2023-04-27 09:29:47,923 [INFO ]  Oiiotool load complete
2023-04-27 09:32:57,397 [INFO ]  Found config file
2023-04-27 09:32:57,554 [INFO ]  Oiiotool load complete
2023-04-27 09:33:23,367 [INFO ]  Found config file
2023-04-27 09:33:23,535 [INFO ]  Oiiotool load complete
2023-04-27 09:33:41,572 [INFO ]  Found config file
2023-04-27 09:33:41,664 [INFO ]  Oiiotool load complete
2023-04-27 09:34:29,628 [INFO ]  Found config file
2023-04-27 09:34:29,722 [INFO ]  Oiiotool load complete
2023-04-27 09:34:35,325 [INFO ]  Found config file
2023-04-27 09:34:35,376 [INFO ]  Oiiotool load complete
2023-04-27 09:36:25,230 [INFO ]  Found config file
2023-04-27 09:36:25,323 [INFO ]  Oiiotool load complete
2023-04-27 09:37:50,708 [INFO ]  Found config file
2023-04-27 09:37:50,819 [INFO ]  Oiiotool load complete
2023-04-27 09:37:56,413 [INFO ]  Found config file
2023-04-27 09:37:56,465 [INFO ]  Oiiotool load complete
2023-04-27 09:38:05,061 [INFO ]  Found config file
2023-04-27 09:38:05,116 [INFO ]  Oiiotool load complete
2023-04-27 09:38:22,783 [INFO ]  Found config file
2023-04-27 09:38:22,880 [INFO ]  Oiiotool load complete
2023-04-27 09:38:39,917 [INFO ]  Found config file
2023-04-27 09:38:40,070 [INFO ]  Oiiotool load complete
2023-04-27 09:43:59,214 [INFO ]  Found config file
2023-04-27 09:43:59,395 [INFO ]  Oiiotool load complete
2023-04-27 09:44:07,250 [INFO ]  Found config file
2023-04-27 09:44:07,304 [INFO ]  Oiiotool load complete
2023-04-27 10:06:24,331 [INFO ]  Found config file
2023-04-27 10:06:24,502 [INFO ]  Oiiotool load complete
2023-04-27 10:06:51,267 [INFO ]  Found config file
2023-04-27 10:06:51,374 [INFO ]  Oiiotool load complete
2023-04-27 10:07:28,459 [INFO ]  Found config file
2023-04-27 10:07:28,615 [INFO ]  Oiiotool load complete
2023-04-27 10:07:35,873 [INFO ]  Found config file
2023-04-27 10:07:35,927 [INFO ]  Oiiotool load complete
2023-04-27 10:07:45,487 [INFO ]  Found config file
2023-04-27 10:07:45,541 [INFO ]  Oiiotool load complete
2023-04-27 10:07:53,178 [INFO ]  Found config file
2023-04-27 10:07:53,231 [INFO ]  Oiiotool load complete
2023-04-27 10:08:10,013 [INFO ]  Found config file
2023-04-27 10:08:10,106 [INFO ]  Oiiotool load complete
2023-04-27 10:08:31,581 [INFO ]  Found config file
2023-04-27 10:08:31,674 [INFO ]  Oiiotool load complete
2023-04-27 10:08:59,524 [INFO ]  Found config file
2023-04-27 10:08:59,579 [INFO ]  Oiiotool load complete
2023-04-27 10:09:07,874 [INFO ]  Found config file
2023-04-27 10:09:07,927 [INFO ]  Oiiotool load complete
2023-04-27 10:09:20,049 [INFO ]  Found config file
2023-04-27 10:09:20,134 [INFO ]  Oiiotool load complete
2023-04-27 10:09:40,056 [INFO ]  Found config file
2023-04-27 10:09:40,109 [INFO ]  Oiiotool load complete
2023-04-27 10:11:55,878 [INFO ]  Found config file
2023-04-27 10:11:55,979 [INFO ]  Oiiotool load complete
2023-04-27 10:12:22,130 [INFO ]  Found config file
2023-04-27 10:12:22,224 [INFO ]  Oiiotool load complete
2023-04-27 10:12:28,956 [INFO ]  Found config file
2023-04-27 10:12:29,011 [INFO ]  Oiiotool load complete
2023-04-27 10:13:23,963 [INFO ]  Found config file
2023-04-27 10:13:24,130 [INFO ]  Oiiotool load complete
2023-04-27 10:13:59,236 [INFO ]  Found config file
2023-04-27 10:13:59,341 [INFO ]  Oiiotool load complete
2023-04-27 10:14:22,818 [INFO ]  Found config file
2023-04-27 10:14:22,912 [INFO ]  Oiiotool load complete
2023-04-27 10:14:26,600 [INFO ]  Found config file
2023-04-27 10:14:26,658 [INFO ]  Oiiotool load complete
2023-04-27 10:14:35,295 [INFO ]  Found config file
2023-04-27 10:14:35,351 [INFO ]  Oiiotool load complete
2023-04-27 10:16:23,143 [INFO ]  Found config file
2023-04-27 10:16:23,247 [INFO ]  Oiiotool load complete
2023-04-27 10:16:36,113 [INFO ]  Found config file
2023-04-27 10:16:36,210 [INFO ]  Oiiotool load complete
2023-04-27 10:17:38,117 [INFO ]  Found config file
2023-04-27 10:17:38,215 [INFO ]  Oiiotool load complete
2023-04-27 10:17:43,527 [INFO ]  Found config file
2023-04-27 10:17:43,584 [INFO ]  Oiiotool load complete
2023-04-27 10:21:44,394 [INFO ]  Found config file
2023-04-27 10:21:44,575 [INFO ]  Oiiotool load complete
2023-04-27 10:22:07,708 [INFO ]  Found config file
2023-04-27 10:22:07,810 [INFO ]  Oiiotool load complete
2023-04-27 10:22:13,428 [INFO ]  Found config file
2023-04-27 10:22:13,479 [INFO ]  Oiiotool load complete
2023-04-27 10:24:09,513 [INFO ]  Found config file
2023-04-27 10:24:09,616 [INFO ]  Oiiotool load complete
2023-04-27 10:24:48,685 [INFO ]  Found config file
2023-04-27 10:24:48,787 [INFO ]  Oiiotool load complete
2023-04-27 10:24:59,147 [INFO ]  Found config file
2023-04-27 10:24:59,237 [INFO ]  Oiiotool load complete
2023-04-27 10:26:21,601 [INFO ]  Found config file
2023-04-27 10:26:21,765 [INFO ]  Oiiotool load complete
2023-04-27 10:26:32,459 [INFO ]  Found config file
2023-04-27 10:26:32,552 [INFO ]  Oiiotool load complete
2023-04-27 10:27:22,942 [INFO ]  Found config file
2023-04-27 10:27:33,512 [INFO ]  Found config file
2023-04-27 10:27:33,616 [INFO ]  Oiiotool load complete
2023-04-27 10:38:42,626;INFO;Found config file
2023-04-27 10:38:54,564; INFO; Found config file
2023-04-27 10:39:20,528 [INFO] Found config file
2023-04-27 10:39:28,620 [INFO] Found config file
2023-04-27 10:40:37,225 [INFO] Found config file
2023-04-27 10:40:55,783 [INFO] Found config file
2023-04-27 10:40:55,962 [INFO] Oiiotool load complete
2023-04-27 10:41:06,595 [INFO] Found config file
2023-04-27 10:41:06,683 [INFO] Oiiotool load complete
2023-04-27 10:43:18,285 [INFO] Found config file
2023-04-27 10:43:18,461 [INFO] Oiiotool load complete
2023-04-27 10:43:30,636 [INFO] Found config file
2023-04-27 10:43:30,729 [INFO] Oiiotool load complete
2023-04-27 10:43:56,202 [INFO] Found config file
2023-04-27 10:43:56,298 [INFO] Oiiotool load complete
2023-04-27 10:43:56,299 [INFO] Missing conversion path in config file. Getting current path.
2023-04-27 10:43:56,299 [WARNING] Missing path in config file. Conversion in current direcotry.
2023-04-27 10:43:56,303 [WARNING] Missing path in config file. Conversion in current direcotry.
2023-04-27 10:45:10,014 [INFO] Found config file
2023-04-27 10:45:10,113 [INFO] Oiiotool load complete
2023-04-27 10:45:10,113 [INFO] Missing conversion path in config file. Getting current path.
2023-04-27 10:45:10,113 [WARNING] Missing path in config file. Conversion in current directory.
2023-04-27 10:47:20,329 [INFO] Found config file
2023-04-27 10:47:20,440 [INFO] Oiiotool load complete
2023-04-27 10:47:20,440 [WARNING] Missing path in config file. Conversion in current directory.
2023-04-27 10:47:33,920 [INFO] Found config file
2023-04-27 10:47:34,025 [INFO] Oiiotool load complete
2023-04-27 10:47:34,025 [INFO] Found conversion path in config file.
2023-04-27 10:48:15,756 [INFO] Found config file
2023-04-27 10:48:15,856 [INFO] Oiiotool load complete
2023-04-27 10:48:15,856 [INFO] Found conversion path in config file.
2023-04-27 10:48:21,094 [INFO] Found config file
2023-04-27 10:48:21,146 [INFO] Oiiotool load complete
2023-04-27 10:48:21,147 [WARNING] Missing path in config file. Conversion in current directory.
2023-04-27 10:49:16,088 [INFO] Found config file
2023-04-27 10:49:16,252 [INFO] Oiiotool load complete
2023-04-27 10:49:16,252 [INFO] Found conversion path in config file.
2023-04-27 10:49:28,396 [INFO] Found config file
2023-04-27 10:49:28,447 [INFO] Oiiotool load complete
2023-04-27 10:49:28,447 [INFO] Found conversion path in config file.
2023-04-27 10:49:59,412 [INFO] Found config file
2023-04-27 10:49:59,520 [INFO] Oiiotool load complete
2023-04-27 10:49:59,520 [INFO] Found conversion path in config file.
2023-04-27 10:53:44,185 [INFO] Found config file
2023-04-27 10:53:44,294 [INFO] Oiiotool load complete
2023-04-27 10:53:44,295 [INFO] Found conversion path in config file.
2023-04-27 10:54:07,573 [INFO] Found config file
2023-04-27 10:54:07,733 [INFO] Oiiotool load complete
2023-04-27 10:54:07,733 [INFO] Found conversion path in config file.
2023-04-27 10:54:25,178 [INFO] Found config file
2023-04-27 10:54:25,339 [INFO] Oiiotool load complete
2023-04-27 10:54:25,339 [INFO] Found conversion path in config file.
2023-04-27 10:55:22,465 [INFO] Found config file
2023-04-27 10:55:22,552 [INFO] Oiiotool load complete
2023-04-27 10:55:22,553 [INFO] Found conversion path in config file.
2023-04-27 10:55:27,010 [INFO] Found config file
2023-04-27 10:55:27,062 [INFO] Oiiotool load complete
2023-04-27 10:55:27,063 [INFO] Found conversion path in config file.
2023-04-27 10:55:37,539 [INFO] Found config file
2023-04-27 10:55:37,598 [INFO] Oiiotool load complete
2023-04-27 10:55:37,599 [INFO] Found conversion path in config file.
2023-04-27 10:56:04,250 [INFO] Found config file
2023-04-27 10:56:04,347 [INFO] Oiiotool load complete
2023-04-27 10:56:04,347 [INFO] Found conversion path in config file.
2023-04-27 10:56:29,675 [INFO] Found config file
2023-04-27 10:56:29,775 [INFO] Oiiotool load complete
2023-04-27 10:56:29,776 [INFO] Found conversion path in config file.
2023-04-27 10:57:04,278 [INFO] Found config file
2023-04-27 10:57:04,372 [INFO] Oiiotool load complete
2023-04-27 10:57:04,372 [INFO] Found conversion path in config file.
2023-04-27 10:57:18,693 [INFO] Found config file
2023-04-27 10:57:18,792 [INFO] Oiiotool load complete
2023-04-27 10:57:18,792 [INFO] Found conversion path in config file.
2023-04-27 11:06:24,524 [INFO] Found config file
2023-04-27 11:06:24,688 [INFO] Oiiotool load complete
2023-04-27 11:06:24,688 [INFO] Found conversion path in config file.
2023-04-27 11:07:40,182 [INFO] Found config file
2023-04-27 11:07:40,278 [INFO] Oiiotool load complete
2023-04-27 11:07:40,279 [INFO] Found conversion path in config file.
2023-04-27 11:09:25,402 [INFO] Found config file
2023-04-27 11:09:25,498 [INFO] Oiiotool load complete
2023-04-27 11:09:25,499 [INFO] Found conversion path in config file.
2023-04-27 11:10:19,257 [INFO] Found config file
2023-04-27 11:10:19,357 [INFO] Oiiotool load complete
2023-04-27 11:10:19,358 [INFO] Found conversion path in config file.
2023-04-27 11:12:17,884 [INFO] Found config file
2023-04-27 11:12:18,062 [INFO] Oiiotool load complete
2023-04-27 11:12:18,063 [INFO] Found conversion path in config file.
2023-04-27 11:12:49,517 [INFO] Found config file
2023-04-27 11:12:49,611 [INFO] Oiiotool load complete
2023-04-27 11:12:49,612 [INFO] Found conversion path in config file.
2023-04-27 11:13:05,602 [INFO] Found config file
2023-04-27 11:13:05,697 [INFO] Oiiotool load complete
2023-04-27 11:13:05,698 [INFO] Found conversion path in config file.
2023-04-27 11:13:15,645 [INFO] Found config file
2023-04-27 11:13:15,703 [INFO] Oiiotool load complete
2023-04-27 11:13:15,703 [INFO] Found conversion path in config file.
2023-04-27 11:17:12,617 [INFO] Found config file
2023-04-27 11:17:12,782 [INFO] Oiiotool load complete
2023-04-27 11:17:12,782 [INFO] Found conversion path in config file.
2023-04-27 11:17:24,307 [INFO] Found config file
2023-04-27 11:17:24,467 [INFO] Oiiotool load complete
2023-04-27 11:17:24,468 [INFO] Found conversion path in config file.
2023-04-27 11:17:46,235 [INFO] Found config file
2023-04-27 11:17:46,328 [INFO] Oiiotool load complete
2023-04-27 11:17:46,329 [INFO] Found conversion path in config file.
2023-04-27 11:19:47,360 [INFO] Found config file
2023-04-27 11:19:47,458 [INFO] Oiiotool load complete
2023-04-27 11:19:47,458 [INFO] Found conversion path in config file.
2023-04-27 11:19:59,587 [INFO] Found config file
2023-04-27 11:19:59,683 [INFO] Oiiotool load complete
2023-04-27 11:19:59,683 [INFO] Found conversion path in config file.
2023-04-27 11:20:40,890 [INFO] Found config file
2023-04-27 11:20:40,986 [INFO] Oiiotool load complete
2023-04-27 11:20:40,987 [INFO] Found conversion path in config file.
2023-04-27 11:21:01,886 [INFO] Found config file
2023-04-27 11:21:01,982 [INFO] Oiiotool load complete
2023-04-27 11:21:01,982 [INFO] Found conversion path in config file.
2023-04-27 11:22:06,706 [INFO] Found config file
2023-04-27 11:22:06,816 [INFO] Oiiotool load complete
2023-04-27 11:22:06,816 [INFO] Found conversion path in config file.
2023-04-27 11:22:16,612 [INFO] Found config file
2023-04-27 11:22:16,669 [INFO] Oiiotool load complete
2023-04-27 11:22:16,670 [INFO] Found conversion path in config file.
2023-04-27 11:22:28,758 [INFO] Found config file
2023-04-27 11:22:28,850 [INFO] Oiiotool load complete
2023-04-27 11:22:28,850 [INFO] Found conversion path in config file.
2023-04-27 11:22:44,264 [INFO] Found config file
2023-04-27 11:22:44,434 [INFO] Oiiotool load complete
2023-04-27 11:22:44,435 [INFO] Found conversion path in config file.
2023-04-27 11:23:31,531 [INFO] Found config file
2023-04-27 11:23:31,684 [INFO] Oiiotool load complete
2023-04-27 11:23:31,685 [INFO] Found conversion path in config file.
2023-04-27 11:25:07,662 [INFO] Found config file
2023-04-27 11:25:07,772 [INFO] Oiiotool load complete
2023-04-27 11:25:07,773 [INFO] Found conversion path in config file.
2023-04-27 11:25:44,156 [INFO] Found config file
2023-04-27 11:25:44,252 [INFO] Oiiotool load complete
2023-04-27 11:25:44,252 [INFO] Found conversion path in config file.
